0.12604016601108015
0.13010833301814273
0.1180750839994289
0.11794766699313186
0.11971233400981873
0.11901808300171979
0.11914645798970014
0.11954379198141396
0.11832562499330379
0.11793258402030915
0.12015220799366944
0.0718070830043871
0.06734220898943022
0.06849350000265986
0.06909320899285376
0.0680560409964528
0.06860212501487695
0.06915616599144414
0.06893108400981873
0.06957900000270456
0.06794912499026395
0.06867408301332034
0.06878187498659827
0.06858554200152867
0.06727695799781941
0.06744883299688809
0.06836770797963254
0.06844912501401268
0.06785287498496473
0.06818691699299961
0.06762437499128282
0.06760754098650068
0.06736566699692048
0.06809570800396614
0.06780833299853839
0.06801037499099039
0.0677762909908779
0.06823362500290386
0.06749399998807348
0.06872983399080113
0.06908383299014531
0.06850708302226849
0.06869658301002346
0.06879133300390095
0.06772100002854131
0.0673804160032887
0.06778400001348928
0.06972008300363086
0.06881870797951706
0.06935595799586736
0.06806099999812432
0.06897220900282264
0.06798550000530668
0.06827929100836627
0.06875270797172561
0.06849212499218993
0.06855120899854228
0.06902008401812054
0.06811474999994971
0.06871320799109526
0.06976941600441933
0.06884208400151692
0.06906379197607748
0.06906224999693222
0.06656295800348744
0.06787654201616533
0.06777208301355131
0.06813512498047203
0.06878154200967401
0.06865450000623241
0.06757383298827335
0.06821574998321012
0.0689991670078598
0.06794237499707378
0.06859037498361431
0.06751600001007318
0.068850333977025
0.06895862499368377
0.0675789579981938
0.06769070899463259
0.06847137500881217
0.06922499998472631
0.06922895900788717
0.06978454202180728
0.06852208299096674
0.06947854199097492
0.06809508401784115
0.06776399997761473
0.06964466700446792
0.06818324999767356
0.07021558299311437
0.06988358299713582
0.06820050001260825
0.06860237501678057
0.06834529200568795
0.06997945901821367
0.06762904199422337
0.06922824998036958
0.06961366700124927
0.06814824999310076
0.06770929199410602
0.06852112500928342
0.06750854098936543
0.06742658297298476
0.06939829199109226
0.06873958298820071
0.06842012499691918
0.06855608301702887
0.06773924999288283
0.06788733298890293
0.06861404201481491
0.06758200001786463
0.06882295798277482
0.06899724999675527
0.06863083399366587
0.06739116701646708
0.06782387499697506
0.06714833300793543
0.06775337501312606
0.06782991701038554
0.06810974999098107
0.06763825000962242
0.06800999998813495
0.06778204199508764
0.06931412499397993
0.06841433298541233
0.06831254201824777
0.06873045899556018
0.06749966699862853
0.0682554580271244
0.06749091600067914
0.06888566599809565
0.06852858400088735
0.06790024999645539
0.06713774998206645
0.06870016700122505
0.06880304199876264
0.06878283299738541
0.06779454200295731
0.06882766698254272
0.06750649999594316
0.06822270900011063
0.06750908301910385
0.06857637499342673
0.06844383300631307
0.0701129169901833
0.06921716601937078
0.06927754200296476
0.06787108301068656
0.06746945800841786
0.06763899998622946
0.06761041699792258
0.06879099999787286
0.06905512500088662
0.06880758301122114
0.06877275000442751
0.06753266701707616
0.06853329201112501
0.06816495800740086
0.0679210829839576
0.06838595899171196
0.06855258299037814
0.06788016599602997
0.06866724998690188
0.0684289580094628
0.06762500002514571
0.06783516699215397
0.06741316698025912
0.06697070799418725
0.06869891699170694
0.06794937502127141
0.06880820798687637
0.06768016700516455
0.06887874999665655
0.0687158330110833
0.06725116597954184
0.06816529200295918
0.06749587500235066
0.06785287501406856
0.06778391698026098
0.06869654197362252
0.06706308299908414
0.06823716699727811
0.06745287499506958
0.06836345797637478
0.06760275000124238
0.06938062500557862
0.06802795798284933
0.06711429197457619
0.06902424999861978
0.06801916699623689
0.06745958401006646
0.06876370799727738
0.06816391600295901
0.06936495800619014
0.06756262498674914
0.06866045799688436
0.06872720801038668
0.06849620799766853
0.06913175000227056
0.06873945900588296
0.07928704202640802
0.06324704200960696
0.06286033400101587
0.0622709580056835
0.06393533298978582
0.06408066701260395
0.0638829999952577
0.06321795901749283
0.06254341601743363
0.0631787079910282
0.06418295900220983
0.06279154200456105
0.0640392919885926
0.06416975002503023
0.06272558300406672
0.06397349998587742
0.06638908400782384
0.07193233398720622
0.06368712498806417
0.06381975000840612
0.06595550000201911
0.06339674998889677
0.06474224998964928
0.06204366698511876
0.07151254202472046
0.07045462500536814
0.07378375000553206
0.06417108399909921
0.08051333299954422
0.0722082499996759
0.07174016701173969
0.07237966600223444
0.06908670798293315
0.06294279199209996
0.06145533299422823
0.06384008398163132
0.06643466601963155
0.06809308301308192
0.06159662498976104
0.06781508401036263
0.06588258300325833
0.06849112498457544
0.06741787499049678
0.0659454170090612
0.05991908299620263
0.0630106249882374
0.06379916702280752
0.06411804200615734
0.06881145798251964
0.06781341700116172
0.061684750020504
0.06339700001990423
0.06885320800938644
0.06256020799628459
0.06224262499017641
0.06372216701856814
0.06363887499901466
0.06145095799001865
0.06709050000063144
0.07128470900352113
0.06544291699538007
0.08399437501793727
0.06187183398287743
0.06055129200103693
0.06170845800079405
0.06245220798882656
0.06602637498872355
0.06249412498436868
0.06897100000060163
0.06628387499949895
0.06322604199522175
0.06288004200905561
0.06786050001392141
0.0593150409986265
0.060671792016364634
0.06322195898974314
0.06012029098928906
0.06327674997737631
0.061280875001102686
0.06297029199777171
0.061706915992544964
0.06359804200474173
0.06342616700567305
0.06228795798961073
0.06133333299658261
0.06697566600632854
0.059955042001092806
0.06303737498819828
0.06194462499115616
0.06337008401169442
0.06712166598299518
0.06171033397549763
0.06346916701295413
0.06477133400039747
0.06393441700492986
0.05864674999611452
0.06267016698257066
0.06287566700484604
0.06060829100897536
0.0631254589825403
0.06356837498606183
0.07161625000298955
0.06220633300836198
0.06349262499134056
0.06061266700271517
0.059670207992894575
0.06298516600509174
0.06370166700799018
0.06175974998041056
0.06182624999200925
0.06543350001447834
0.06412741600070149
0.06378987501375377
0.06840383299277164
0.0592908330145292
0.06127929198555648
0.062238458020146936
0.06363562500337139
0.0619169159908779
0.06290904100751504
0.06354850000934675
0.06593512499239296
0.06298491702182218
0.058580457989592105
0.0640292500029318
0.060937374975765124
0.062155332998372614
0.06326770799933001
0.06176033298834227
0.062139582994859666
0.06807687500258908
0.06357800000114366
0.06865412500337698
0.07128104200819507
0.06475037499330938
0.06160200000158511
0.06125941700884141
0.06261554098455235
0.06193729199003428
0.06148570901132189
0.06388216698542237
0.06337412499124184
0.06342995801242068
0.06632587499916553
0.06211337499553338
0.06144216700340621
0.06022333400323987
0.06331841700011864
0.06426354101859033
0.06207350001204759
0.0652038749831263
0.0654639580170624
0.06576374999713153
0.06275875002029352
0.05805666701053269
0.059558084001764655
0.06091337502584793
0.06328233302338049
0.06136862499988638
0.06335695899906568
0.06362879200605676
0.06193020800128579
0.06525445898296311
0.0624349580029957
0.06017945799976587
0.062410499987890944
0.06348820801940747
0.06078079200233333
0.06326224998338148
0.0616927919909358
0.061628084018593654
0.06146216701017693
0.06368975000805221
0.05911200001719408
0.061627249990124255
0.0594438340049237
0.06309050001436844
0.06379070799448527
0.062025042017921805
0.06444462499348447
0.06186600000364706
0.06776458397507668
0.061340500018559396
0.05901887500658631
0.06269991598674096
0.06287629198050126
0.06334183400031179
0.06156666699098423
0.06357987501542084
0.06539979201625101
0.06355370799428783
0.061575875006383285
0.06208624999271706
0.08188933398923837
0.05996587499976158
0.06023816700326279
0.06107187501038425
0.06262325000716373
0.06259245800902136
0.06348166600218974
0.1261504169960972
0.06896837500971742
0.06805879200692289
0.06773479201365262
0.06710349998320453
0.06897095899330452
0.07115525001427159
0.06830537499627098
0.06751358401379548
0.06880904201534577
0.0679014160123188
0.06916745798662305
0.06718833398190327
0.06857154198223725
0.06851112499134615
0.06851633402402513
0.06853387498995289
0.0685431250021793
0.06845754198729992
0.06749325001146644
0.06865108400234021
0.06818637499236502
0.06868991701048799
0.06847537501016632
0.06825429198215716
0.06715658298344351
0.06795475000399165
0.06704179098596796
0.06722929200623184
0.06776166698546149
0.0689132499974221
0.06765108299441636
0.0670561250008177
0.06812145898584276
0.0689828330068849
0.06848129199352115
0.06786799998371862
0.06703020798158832
0.06911162499454804
0.06741308301570825
0.06709025002783164
0.06809945800341666
0.06717049999861047
0.06829974998254329
0.0679037910012994
0.06764045901945792
0.06805079197511077
0.06724558299174532
0.06758462500874884
0.0684605420101434
0.06859499998972751
0.06876854199799709
0.06715191598050296
0.0679998749983497
0.06771145900711417
0.06843975000083447
0.06823720899410546
0.06805437500588596
0.06811562500661239
0.06732441700296476
0.06832837499678135
0.06707304198062047
0.06829199998173863
0.06715587500366382
0.06838250000146218
0.06697583399363793
0.06709075000253506
0.06810849998146296
0.06720991700422019
0.06788124999729916
0.06824387499364093
0.06812749998061918
0.06873362499754876
0.06739079099497758
0.06814341701101512
0.0672772090183571
0.06848570899455808
0.06680066598346457
0.06851458401069976
0.06738833399140276
0.0669922080123797
0.06882641598349437
0.06840112499776296
0.06753791600931436
0.06769162497948855
0.06899741702363826
0.06809149999753572
0.0681766250054352
0.06756049999967217
0.06784566698479466
0.06777816699468531
0.06903608399443328
0.06712583301123232
0.0681009580148384
0.06734358399990015
0.06671791599364951
0.0683311250177212
0.06771383300656453
0.06831866700667888
0.06829054199624807
0.06785212497925386
0.06740829200134613
0.06773554199025966
0.06787412500125356
0.06799550002324395
0.06818620799458586
0.0722672920092009
0.06842887500533834
0.06716024997876957
0.06746950000524521
0.06744979199720547
0.06854874998680316
0.06825770798604935
0.06734291597967967
0.0671007499913685
0.06786812501377426
0.06879320801817812
0.06800225001643412
0.06776020798133686
0.06802916701417416
0.06712983301258646
0.06844958401052281
0.06763716699788347
0.06870729199727066
0.06760149999172427
0.06712245801463723
0.06814295900403522
0.06777283301926218
0.0675055000174325
0.06910441600484774
0.0673850410094019
0.06828145799227059
0.06883058400126174
0.06871395799680613
0.06831908400636166
0.06740266701672226
0.06876304201432504
0.06766770899412222
0.06841958398581482
0.0679476670047734
0.06763770800898783
0.06800729199312627
0.0672119999944698
0.06796616601059213
0.06855245801853016
0.0682682909828145
0.06852475000778213
0.06832237500930205
0.06841137501760386
0.06754420799552463
0.06781358399894089
0.06782512500649318
0.06786929100053385
0.06748983400757425
0.06884654200985096
0.06688208400737494
0.06876904098317027
0.06764337499043904
0.06817625000257976
0.0672585410065949
0.06800291599938646
0.06765733301290311
0.06911350000882521
0.06714337499579415
0.06779391699819826
0.06697574999998324
0.06812754200655036
0.06961037500877865
0.06715033299406059
0.06803908300935291
0.0673546250036452
0.06704699998954311
0.06708983299904503
0.06719479101593606
0.06828379098442383
0.06708379200426862
0.06686962500680238
0.06725737499073148
0.06841837501269765
0.0671418339770753
0.06823616698966362
0.06825316700269468
0.0682995840033982
0.06740654099849053
0.0673637910222169
0.06815420900238678
0.0684857500018552
0.06705216699629091
0.06829420800204389
0.06756712499191053
0.06713275000220165
0.06830741598969325
0.06798658400657587
0.06789725000271574
0.06714887500857003
0.06835912499809638
0.06679274997441098
0.06837433300097473
0.06757683400064707
0.06734791700728238
0.06993691698880866
0.06345045898342505
0.0640068750071805
0.062615042028483
0.062077625014353544
0.06228133401600644
0.06361241699778475
0.06309191699256189
0.0634319590171799
0.06416416700812988
0.0621285000233911
0.06368362499051727
0.06356037498335354
0.06395441698259674
0.0630900000105612
0.06368112500058487
0.06340429201372899
0.0633387080160901
0.06253249998553656
0.06324558300548233
0.06237654201686382
0.06310141700669192
0.06229966599494219
0.06265183299547061
0.06182608299423009
0.06244474998675287
0.06282333299168386
0.06321304201264866
0.06295170800876804
0.06455108299269341
0.06333929198444821
0.06235954197472893
0.06486141699133441
0.06199829198885709
0.06271233398001641
0.061872708989540115
0.06537483300780877
0.06341937501565553
0.06315683299908414
0.0633277090091724
0.062455125007545575
0.06225925000035204
0.0628421249857638
0.06335741598741151
0.06270166600006633
0.06328837500768714
0.061824125004932284
0.06352495899773203
0.06358004099456593
0.0630598749849014
0.06237558400607668
0.061791916989022866
0.06387370801530778
0.06379700000979938
0.06523912498960271
0.062327833991730586
0.0635259999835398
0.062077917013084516
0.06300654201186262
0.0628664999967441
0.06256137500167824
0.06202987500000745
0.0624034579959698
0.06304116602404974
0.0630452079931274
0.06218287500087172
0.062287834007292986
0.06334441600483842
0.06304745899979025
0.06225449999328703
0.06305308302398771
0.06227662498713471
0.06239504198310897
0.06222774999332614
0.062332708010217175
0.061630416981643066
0.062228583003161475
0.06365895899944007
0.06326312499004416
0.06162587497965433
0.06283229100517929
0.06258887500735
0.06271754199406132
0.06357999998726882
0.06249158299760893
0.06322937499498948
0.06294145798892714
0.0625421250006184
0.06260279202251695
0.06217095800093375
0.06315499998163432
0.06270929201855324
0.06347699998877943
0.06208666699239984
0.061947250011144206
0.06336637499043718
0.06367695800145157
0.06309320800937712
0.06348574999719858
0.06329849999747239
0.063261125003919
0.06239737500436604
0.061787957994965836
0.06362241701572202
0.06342608301201835
0.0620699169812724
0.06252120801946148
0.06358849999378435
0.06219370799954049
0.06332166699576192
0.06365133298095316
0.06353624997427687
0.06287562500801869
0.06379112499416806
0.06239833400468342
0.06201429100474343
0.0625883330067154
0.06441108300350606
0.06296245800331235
0.06209787499392405
0.061693791998550296
0.06325804098742083
0.0622602499788627
0.0622203339880798
0.06227908399887383
0.0631189169944264
0.06337749998783693
0.06220279200351797
0.06306879199109972
0.06174312499933876
0.06248083300306462
0.06285954199847765
0.06281587498961017
0.06178179199923761
0.06364525001845323
0.06247674999758601
0.062150875019142404
0.06319408401031978
0.06156649999320507
0.0625878749997355
0.06293554199510254
0.0708436669956427
0.06356183299794793
0.06409554200945422
0.06242308299988508
0.06255833301111124
0.06254829198587686
0.06192812501103617
0.0631188330007717
0.06391145798261277
0.06227058300282806
0.06193637498654425
0.06318858300801367
0.06345199997304007
0.06205233299988322
0.06275633300538175
0.06414662499446422
0.0625344580039382
0.06262625000090338
0.06327337498078123
0.06158283300464973
0.06318383300094865
0.06350191700039431
0.06242537501384504
0.06205187499290332
0.06338787500862963
0.0644894159922842
0.06287720799446106
0.06212633301038295
0.06270750000840053
0.06331037500058301
0.0630908329912927
0.06260712500079535
0.06259479199070483
0.06591412500711158
0.06290545899537392
0.06322425001417287
0.062448040989693254
0.06278958299662918
0.06228062498848885
0.06184029098949395
0.06363358400994912
0.06281520798802376
0.06306008298997767
0.06336420800653286
0.06191891699563712
0.06272033299319446
0.06210441701114178
0.06226120897918008
0.06309333399985917
0.061802249983884394
0.06283516599796712
0.06216883298475295
0.06214287498733029
0.06467870899359696
0.06210062498576008
0.061980541999218985
0.0643666249816306
0.06527045802795328
0.06309833397972398
