37.22914879198652
46.57552845898317
46.68992816700484
46.789684415998636
47.23158420799882
46.51762995799072
50.126623834017664
48.39355775000877
47.219090625003446
46.78780883399304
47.22596620800323
30.642636250006035
30.35855658299988
30.39413295898703
30.645388041011756
30.479833249992225
30.483560291992035
31.01431587501429
30.24524862502585
30.662820666009793
30.17040800000541
30.38381070800824
30.401328915992053
30.497838583018165
30.460978167015128
30.43392949999543
30.65361591600231
30.424863167019794
30.650882082991302
30.312716457992792
30.544247667014133
30.437743584014243
30.92032754200045
31.013243458000943
30.404182041995227
30.55919145801454
30.99587574999896
30.565307750017382
30.66971108398866
30.686067500006175
30.51398291697842
30.512728166009765
30.728017707995605
30.29174470799626
30.482560750009725
30.8161817920045
30.865655707981205
30.110318000020925
30.778441125003155
30.34668208300718
30.622471040987875
30.453940666018752
30.651133249979466
30.312620749988127
30.12415883401991
30.354520499997307
30.5762533750094
30.911344082996948
30.5605841249926
30.534209541016025
30.5670994160173
31.039586083003087
30.67290595799568
30.677518790995236
30.67396837499109
30.504075833014213
31.006055542005925
30.907794167025713
31.012535625020973
30.95439958301722
30.628217999998014
30.330081499996595
30.53708424998331
30.334447334025754
30.502209832979133
30.471078333008336
31.04938687500544
30.72637945902534
30.98562183298054
31.66796183300903
31.619159374997253
32.007310292014154
32.04064350001863
31.258379542006878
31.730308291997062
31.852008250018116
31.919408708025003
32.363006625004346
31.364857124979608
32.095683666993864
31.946561500022653
31.15035345798242
31.760672041011276
31.615987916011363
31.673697459016694
31.856370082998183
31.765876291989116
31.425194334005937
31.69846866701846
30.621029792004265
30.767782000009902
30.27476908400422
30.682839957997203
30.383954707998782
30.608338833000744
30.620236749993637
30.64881608300493
30.709929125005146
30.49199216600391
30.403361000004224
30.578978124976857
30.751008999999613
30.400488750019576
30.58583437500056
30.77195379199111
30.757107332989108
30.402802416007034
30.904900999972597
30.36545866698725
30.510650917014573
30.57739970801049
30.546353583980817
30.298386459005997
30.550652375008212
30.49734579201322
30.50570837498526
30.599654917023145
30.56062020797981
30.52483612499782
30.44202862502425
30.632759041996906
30.714697499992326
31.011056166986236
30.324069333000807
30.633204917015973
30.554629625024972
30.38337712502107
30.80853766700602
30.23239449999528
30.853480374993524
30.400848499994026
30.55808087499463
30.84482354199281
30.968931750016054
30.435843500017654
30.474970667011803
31.018059207999613
30.36365595800453
30.516310541977873
30.666172375000315
30.34244670800399
30.63052391601377
30.358219292014837
30.58174520797911
30.363702999980887
30.54822220900678
30.73682162500336
30.626664125011303
30.499633957981132
30.51549166699988
30.511498167004902
30.428512250015046
30.527865458017914
30.450828208005987
30.31010608401266
30.447080915997503
30.4594068749866
30.612181208009133
30.738632541993866
30.609228625020478
30.400329374999274
30.486574959009886
30.666122834023554
30.91283575000125
31.017052499984857
30.68316283301101
30.17115683297743
30.596065999998245
30.541471207980067
30.376852749992395
30.570234375016298
30.52506254200125
30.146668667002814
30.84027899999637
30.730932915990707
30.508446166990325
30.716415250004502
30.430731124972226
30.898750124993967
30.617208459007088
30.811428165994585
30.102154625026742
30.486645041994052
30.14572249999037
30.392148457991425
30.533808708016295
30.698448292008834
30.199818124994636
30.30607691599289
30.54812383299577
30.74213129200507
13.096535499993479
13.92351391701959
13.92481683299411
13.928795582993189
13.892690582986688
13.894100542005617
13.822219749999931
14.296807459002594
13.761044416984078
14.014342416980071
14.778132417006418
13.985208041995065
13.89620891600498
15.246125250007026
15.058199749997584
14.48186437500408
14.885954416997265
15.564672874985263
14.972567583987257
15.155358165997313
15.20709391598939
14.013813000026857
13.919852374994662
14.06481454099412
15.137750916997902
14.237176082999213
15.218195749999722
14.269568749994505
15.28329125000164
14.966948832996422
15.123715833004098
14.941342583013466
14.450488333008252
13.886209958000109
13.765100499993423
14.093721291981637
14.710867332993075
14.607719833002193
14.892778958019335
14.727651291002985
14.717740959022194
14.97552487498615
15.415271041012602
13.556263915990712
13.787410291988635
13.804473333002534
14.161722208984429
14.465010125015397
14.392011083022226
14.77650641600485
14.999572750006337
15.314839500002563
13.781947042007232
13.780815083999187
13.738641333009582
13.882911958004115
14.59743341698777
14.136472584010335
14.933568957989337
14.482260415999917
14.661022665997734
14.386549249989912
14.114050250005675
13.79104262497276
14.041873999987729
14.623462125018705
14.175344207993476
14.73368874998414
14.041646249999758
15.07286991600995
13.922800667001866
14.45408579200739
14.419375416997354
13.750782165996497
13.616837874986231
13.89100191599573
13.433432374993572
14.002447750011925
13.497021082992433
13.85863304202212
13.547099374991376
13.511607667023782
13.568692290980835
16.05726154198055
14.870641874993453
13.782470709003974
13.987907292001182
13.669001374975778
13.899268333014334
14.022190957999555
14.59983704201295
14.14708083399455
14.702795417018933
14.507872999995016
14.126209041976836
13.502823166985763
13.550008749996778
13.849883582995972
13.558072999992874
13.958970625011716
14.879930708993925
14.351114166987827
14.275961541978177
14.757959332986502
13.919805957993958
13.61868325000978
13.698662457987666
13.917322082997998
14.325874749978539
14.08456229098374
14.541017124982318
14.002966208994621
14.53478124999674
14.429572374996496
13.622639624984004
13.639609334000852
13.966948791989125
13.87477900000522
13.925684666988673
14.026655500027118
14.844672124978388
14.058952291001333
14.782065209001303
13.721021667006426
13.780871750001097
13.657725666009355
13.714053125004284
13.85754274998908
14.134477040992351
14.495276999979978
13.869887250009924
14.824205708981026
14.58335333399009
13.41591954199248
14.425301125011174
13.565883499977645
13.715850834007142
13.496350958012044
13.759506208007224
13.559755958005553
14.760652375000063
13.741821624978911
14.135842499992577
14.700021875003586
14.199454042012803
13.97688550001476
13.595466790982755
13.939470250013983
13.762895749998279
14.167955291981343
14.659828249976272
14.372203917009756
14.42226070901961
14.093817209010012
13.896216666995315
13.915987915999722
13.687450333003653
13.755331666994607
13.529672750009922
13.59170499999891
14.861107832984999
13.9003664580232
14.426796209008899
14.213764042011462
13.466508583980612
13.888469416007865
13.90059720800491
13.731465541990474
13.862827167002251
14.286771416984266
14.96858666598564
13.55026354099391
15.039068666985258
13.512656125007197
13.718405708990758
13.5487190829881
13.796143625018885
13.789086375007173
13.768424833018798
14.595654208998894
13.826192208012799
14.170790000003763
15.45531454202137
13.885177040996496
13.488659374997951
13.616490084008547
13.952319584001089
13.822359999991022
14.619131375016877
13.637320250010816
14.493322459020419
14.154764624981908
15.295270958013134
13.957815750007285
13.858548541000346
13.774148208991392
13.558693292026874
13.717989791999571
13.552070790989092
13.726392041018698
36.278217499988386
30.973985083022853
30.808162000001175
30.423241624986986
30.726527584018186
31.14659983300953
31.107747041998664
30.7579777079809
30.320647334010573
30.19757966598263
30.345036457991228
30.534595709003042
30.55370312501327
30.388245999987703
30.835090166016016
30.603711125004338
30.753399290988455
30.370094666985096
30.264774959010538
30.621378707990516
30.40774062499986
30.802300290990388
30.675981249980396
30.164433083002223
30.073779041005764
30.27537091699196
30.81309783301549
30.559752500004834
30.618690583010903
30.327803499996662
30.523456791997887
30.388597832992673
30.68505162501242
30.198979540989967
30.960562583990395
31.030372249981156
30.654183792008553
30.819971416000044
30.863844292005524
30.637886874988908
30.662207749992376
30.359314540983178
30.810581541998545
30.401400500006275
30.897574541013455
30.118120583007112
30.520560792007018
30.215061541995965
30.938065374997677
30.240837167017162
30.846083374985028
30.36125370900845
30.277519415976712
30.08392645898857
30.6653430830047
30.390928084001644
30.906974416022422
30.456164208997507
30.339712167013204
30.344317958020838
30.930956291995244
30.296692416013684
30.72829291599919
30.17252291701152
30.374010583997006
30.668218917009654
30.4109144579852
30.36914333398454
30.167815583001357
30.34616391599411
30.550336707994575
30.356113332993118
30.29511208398617
30.980855750007322
30.499811666988535
30.48320358400815
30.31851679101237
30.907470083999215
30.49428933399031
30.517946583015146
30.737492250016658
30.07652458298253
30.293764457979705
30.373835875012446
30.310125957999844
30.93186883299495
30.80493120799656
30.44464433300891
30.885498416027986
30.412853666988667
30.92093933399883
30.341584708017763
30.888367083010962
30.316520917025628
30.60736054100562
30.383245792007074
30.319622958020773
30.555489458987722
30.304582333017606
30.43909812500351
30.316056166018825
30.43370545801008
30.686059041006956
30.29301316701458
30.213204415980726
30.756751208013156
30.383111959003145
30.783238208008697
30.385270250000758
30.391491125017637
30.681405250012176
30.40062183298869
30.27789483300876
31.059329624986276
30.169623291993048
30.39432495800429
30.71780837501865
30.726257290982176
30.750152792024892
30.351506083010463
30.852072000008775
30.516449042013846
30.2059957079764
30.303009709023172
30.188859667017823
30.289534666982945
30.306057917012367
30.2704916659859
30.13789483398432
30.312302500009537
30.63967270901776
30.621937749994686
30.120507208019262
30.489404124993598
30.306651542021427
31.000862999993842
30.907805208000354
30.033916542015504
30.78796924999915
30.822646499989787
30.284584500011988
30.988029458007077
30.40623395901639
30.825256875017658
30.740781374974176
30.649192166980356
30.629694083996583
30.90919837501133
30.213059125002474
30.700190417002887
30.23044679200393
30.86185316700721
30.248685667000245
30.675639249995584
30.357018125010654
30.71329220800544
30.905227834009565
30.51742566699977
30.46021458299947
30.99709529199754
30.490291624999372
30.748963833000744
30.640756041015266
30.180856208025943
30.91987212499953
30.642216207983438
30.390909458015813
30.85112829200807
30.584235499991337
30.25095399998827
30.586305167002138
30.346591709007043
30.543680583010428
30.444748290989082
30.884402291994775
30.265980666998075
30.569655957981013
30.88131962501211
30.38321033300599
30.433772166987183
30.84833062501275
30.39258937499835
30.59216087500681
30.514920665998943
30.181729625008302
30.480465791013557
30.29178141601733
30.28092754201498
30.87817341700429
30.44918945801328
30.40828187498846
30.240980667003896
30.808534334006254
30.81642066698987
30.67820812499849
30.293703292001737
30.63256449997425
30.7596671670035
30.356038790981984
30.839540540997405
12.887835041998187
13.83396887499839
13.78702104097465
13.964412500004983
13.619853832991794
14.038186042016605
13.936222832999192
13.650363207998453
14.117906458996003
13.967340833012713
13.609949750010855
13.80336795799667
13.964408416999504
13.958932999987155
14.047489832999418
13.98613204198773
13.647994583006948
13.81922645799932
13.772420209017582
13.973078875016654
13.722741000005044
13.944496291980613
13.899222750012996
13.602774583006976
13.810933250002563
13.870820999989519
13.92160950001562
13.93488483299734
13.697480917006033
13.914351124985842
13.530963750003139
13.825533958995948
13.9183356249996
13.729767958982848
13.925517749972641
13.823972292011604
13.788028584007407
14.03240695799468
13.738304958998924
14.035030792001635
13.770336124987807
13.83346145800897
13.903384500008542
13.852208624972263
13.888720083981752
13.819926458003465
13.84928566700546
13.873094332986511
13.733916707977187
13.826209458027733
14.02335391700035
13.692559792019892
14.01545208398602
13.830812041996978
14.129232207982568
13.86026800001855
13.965736416983418
14.118324000010034
13.970014082995476
13.879524917021627
13.690244083991274
13.629131958005019
13.966028291004477
13.955164666986093
13.853994417004287
13.599175417009974
13.999487791006686
13.971301667013904
13.929796208976768
13.804053166997619
13.79923333399347
14.0422202910122
14.015324624982895
13.707667999988189
14.069124667003052
13.853673165984219
13.843153750000056
13.886346790997777
13.931058249989292
13.82331554198754
14.07282450000639
13.545038333017146
14.005756999977166
13.73741912501282
14.079901999997674
13.863343500008341
13.812826499983203
13.779907417017967
13.75398983398918
13.723479499982204
13.718731041008141
13.90951737499563
13.959626625000965
14.029406333982479
13.834506625018548
13.543176000006497
13.857403458008775
13.774689667014172
13.847437583986903
14.074251415993785
13.99504666699795
13.872833874978824
13.612380250007845
13.742787333001615
13.947323125001276
14.182705459010322
13.9206164170173
13.498541625012876
13.833882042003097
13.75528291700175
13.600304666993907
13.724695958022494
13.584041333000641
13.59643579198746
14.090506833017571
13.82505325000966
13.893137334001949
13.61207358300453
13.91330499999458
13.715804207982728
13.883061375003308
13.499832500005141
13.880363125004806
13.92762412497541
13.740131458995165
13.941405999998096
13.832244374993024
13.597642290988006
13.574705624982016
14.029830332990969
13.670081540971296
13.983900332998019
14.133672458003275
13.973576916992897
13.62990708401776
13.90902933399775
13.975852500007022
13.737466207996476
13.571618917019805
13.832329207973089
13.946997334016487
14.025275082996814
14.06959962498513
14.018569874984678
14.189451541984454
14.198937250010204
14.060350583982654
13.728194208990317
13.89151824999135
14.023119999998016
13.830045125010656
13.698083583003609
13.796070666983724
13.684337709011743
13.755817291006679
13.804541541991057
13.972970792005071
13.916337292001117
13.986078999994788
13.976608875003876
13.943650083005195
14.170396208006423
13.880499666993273
13.926946791994851
13.995515332993818
13.792455499991775
13.913079332996858
13.737181749980664
14.139187458000379
13.859120708017144
13.529860417009331
13.779039334011031
13.713232750014868
13.535118083993439
14.153697625006316
13.658732207986759
13.537739374994999
13.851937291998183
13.385902125010034
14.108171125000808
13.757422499998938
13.997262083983514
13.859745458990801
14.13607779200538
13.844050874991808
13.68884000001708
13.776103834010428
13.679711709002731
13.702986500022234
13.562719750014367
13.879259667010047
13.784335417003604
13.993245041987393
13.84267754200846
13.926780583016807
13.95952762500383
13.824107417021878
14.032512625009986
13.877496750006685
13.761718457972165
